May 19 00:45:12.858 INFO Logging to file, path: "/root/.lighthouse/sepolia/beacon/logs/beacon.log", module: environment:311
May 19 00:45:12.887 INFO Lighthouse started, version: Lighthouse/v7.0.1-cc6ae9d, module: lighthouse:721
May 19 00:45:12.892 INFO Configured for network, name: sepolia, module: lighthouse:722
May 19 00:45:12.922 INFO Data directory initialised, datadir: /root/.lighthouse/sepolia, module: beacon_node::config:108
May 19 00:45:12.931 INFO Deposit contract, address: 0x7f02c3e3c98b133055b8b348b2ac625669ed295d, deploy_block: 1273020, module: beacon_node::config:527
May 19 00:45:12.954 WARN Fork boundaries are not well aligned / multiples of 256, misaligned_forks: [(Altair, Epoch(50)), (Bellatrix, Epoch(100))], info: This may cause issues as fork boundaries do not align with the start of sync committee period., module: beacon_node:83
May 19 00:45:13.092 INFO Blob DB initialized, oldest_data_column_slot: None, oldest_blob_slot: Some(Slot(4243456)), path: "/root/.lighthouse/sepolia/beacon/blobs_db", service: freezer_db, module: store::hot_cold_store:360
May 19 00:45:13.094 WARN No JWT found on disk. Generating, path: /geth/jwtsecret/jwtsecret, service: exec, module: execution_layer:504
May 19 00:45:13.100 CRIT Failed to start beacon node, reason: unable to start execution layer endpoints: InvalidJWTSecret("Failed to open JWT secret file. Error: Os { code: 20, kind: NotADirectory, message: \"Not a directory\" }"), module: lighthouse:762
May 19 00:45:13.101 INFO Internal shutdown received, reason: Failed to start beacon node, module: environment:470
May 19 00:45:13.101 INFO Shutting down.., reason: Failure("Failed to start beacon node"), module: lighthouse:784
May 19 00:45:32.866 INFO Logging to file, path: "/root/.lighthouse/sepolia/beacon/logs/beacon.log", module: environment:311
May 19 00:45:32.882 INFO Lighthouse started, version: Lighthouse/v7.0.1-cc6ae9d, module: lighthouse:721
May 19 00:45:32.882 INFO Configured for network, name: sepolia, module: lighthouse:722
May 19 00:45:32.891 INFO Data directory initialised, datadir: /root/.lighthouse/sepolia, module: beacon_node::config:108
May 19 00:45:32.896 INFO Deposit contract, address: 0x7f02c3e3c98b133055b8b348b2ac625669ed295d, deploy_block: 1273020, module: beacon_node::config:527
May 19 00:45:32.920 WARN Fork boundaries are not well aligned / multiples of 256, misaligned_forks: [(Altair, Epoch(50)), (Bellatrix, Epoch(100))], info: This may cause issues as fork boundaries do not align with the start of sync committee period., module: beacon_node:83
May 19 00:45:33.038 INFO Blob DB initialized, oldest_data_column_slot: None, oldest_blob_slot: Some(Slot(4243456)), path: "/root/.lighthouse/sepolia/beacon/blobs_db", service: freezer_db, module: store::hot_cold_store:360
May 19 00:45:33.038 DEBG Attempting schema migration, to_version: 22, from_version: 22, service: freezer_db, module: store::hot_cold_store:372
May 19 00:45:33.039 WARN No JWT found on disk. Generating, path: /geth/jwtsecret/jwtsecret, service: exec, module: execution_layer:504
May 19 00:45:33.045 CRIT Failed to start beacon node, reason: unable to start execution layer endpoints: InvalidJWTSecret("Failed to open JWT secret file. Error: Os { code: 20, kind: NotADirectory, message: \"Not a directory\" }"), module: lighthouse:762
May 19 00:45:33.045 INFO Internal shutdown received, reason: Failed to start beacon node, module: environment:470
May 19 00:45:33.046 INFO Shutting down.., reason: Failure("Failed to start beacon node"), module: lighthouse:784
May 19 00:56:14.808 INFO Logging to file, path: "/root/.lighthouse/sepolia/beacon/logs/beacon.log", module: environment:311
May 19 00:56:14.820 INFO Lighthouse started, version: Lighthouse/v7.0.1-cc6ae9d, module: lighthouse:721
May 19 00:56:14.821 INFO Configured for network, name: sepolia, module: lighthouse:722
May 19 00:56:14.833 INFO Data directory initialised, datadir: /root/.lighthouse/sepolia, module: beacon_node::config:108
May 19 00:56:14.840 INFO Deposit contract, address: 0x7f02c3e3c98b133055b8b348b2ac625669ed295d, deploy_block: 1273020, module: beacon_node::config:527
May 19 00:56:14.860 WARN Fork boundaries are not well aligned / multiples of 256, misaligned_forks: [(Altair, Epoch(50)), (Bellatrix, Epoch(100))], info: This may cause issues as fork boundaries do not align with the start of sync committee period., module: beacon_node:83
May 19 00:56:14.992 INFO Blob DB initialized, oldest_data_column_slot: None, oldest_blob_slot: Some(Slot(4243456)), path: "/root/.lighthouse/sepolia/beacon/blobs_db", service: freezer_db, module: store::hot_cold_store:360
May 19 00:56:14.992 DEBG Attempting schema migration, to_version: 22, from_version: 22, service: freezer_db, module: store::hot_cold_store:372
May 19 00:56:15.007 CRIT Failed to start beacon node, reason: unable to start execution layer endpoints: InvalidJWTSecret("Invalid hex string: OddLength"), module: lighthouse:762
May 19 00:56:15.010 INFO Internal shutdown received, reason: Failed to start beacon node, module: environment:470
May 19 00:56:15.011 INFO Shutting down.., reason: Failure("Failed to start beacon node"), module: lighthouse:784
May 19 01:00:16.017 INFO Logging to file, path: "/root/.lighthouse/sepolia/beacon/logs/beacon.log", module: environment:311
May 19 01:00:16.037 INFO Lighthouse started, version: Lighthouse/v7.0.1-cc6ae9d, module: lighthouse:721
May 19 01:00:16.037 INFO Configured for network, name: sepolia, module: lighthouse:722
May 19 01:00:16.049 INFO Data directory initialised, datadir: /root/.lighthouse/sepolia, module: beacon_node::config:108
May 19 01:00:16.151 INFO Deposit contract, address: 0x7f02c3e3c98b133055b8b348b2ac625669ed295d, deploy_block: 1273020, module: beacon_node::config:527
May 19 01:00:16.172 WARN Fork boundaries are not well aligned / multiples of 256, misaligned_forks: [(Altair, Epoch(50)), (Bellatrix, Epoch(100))], info: This may cause issues as fork boundaries do not align with the start of sync committee period., module: beacon_node:83
May 19 01:00:16.390 INFO Blob DB initialized, oldest_data_column_slot: None, oldest_blob_slot: Some(Slot(4243456)), path: "/root/.lighthouse/sepolia/beacon/blobs_db", service: freezer_db, module: store::hot_cold_store:360
May 19 01:00:16.391 DEBG Attempting schema migration, to_version: 22, from_version: 22, service: freezer_db, module: store::hot_cold_store:372
May 19 01:00:16.400 CRIT Failed to start beacon node, reason: unable to start execution layer endpoints: InvalidJWTSecret("Invalid hex string: OddLength"), module: lighthouse:762
May 19 01:00:16.401 INFO Internal shutdown received, reason: Failed to start beacon node, module: environment:470
May 19 01:00:16.401 INFO Shutting down.., reason: Failure("Failed to start beacon node"), module: lighthouse:784
May 19 01:15:07.721 INFO Logging to file, path: "/root/.lighthouse/sepolia/beacon/logs/beacon.log", module: environment:311
May 19 01:15:07.736 INFO Lighthouse started, version: Lighthouse/v7.0.1-cc6ae9d, module: lighthouse:721
May 19 01:15:07.736 INFO Configured for network, name: sepolia, module: lighthouse:722
May 19 01:15:07.749 INFO Data directory initialised, datadir: /root/.lighthouse/sepolia, module: beacon_node::config:108
May 19 01:15:07.756 INFO Deposit contract, address: 0x7f02c3e3c98b133055b8b348b2ac625669ed295d, deploy_block: 1273020, module: beacon_node::config:527
May 19 01:15:07.785 WARN Fork boundaries are not well aligned / multiples of 256, misaligned_forks: [(Altair, Epoch(50)), (Bellatrix, Epoch(100))], info: This may cause issues as fork boundaries do not align with the start of sync committee period., module: beacon_node:83
May 19 01:15:07.942 INFO Blob DB initialized, oldest_data_column_slot: None, oldest_blob_slot: Some(Slot(4243456)), path: "/root/.lighthouse/sepolia/beacon/blobs_db", service: freezer_db, module: store::hot_cold_store:360
May 19 01:15:07.942 DEBG Attempting schema migration, to_version: 22, from_version: 22, service: freezer_db, module: store::hot_cold_store:372
May 19 01:15:07.959 CRIT Failed to start beacon node, reason: unable to start execution layer endpoints: InvalidJWTSecret("Invalid hex string: OddLength"), module: lighthouse:762
May 19 01:15:07.963 INFO Internal shutdown received, reason: Failed to start beacon node, module: environment:470
May 19 01:15:07.964 INFO Shutting down.., reason: Failure("Failed to start beacon node"), module: lighthouse:784
May 19 01:35:04.605 INFO Logging to file, path: "/root/.lighthouse/sepolia/beacon/logs/beacon.log", module: environment:311
May 19 01:35:04.618 INFO Lighthouse started, version: Lighthouse/v7.0.1-cc6ae9d, module: lighthouse:721
May 19 01:35:04.618 INFO Configured for network, name: sepolia, module: lighthouse:722
May 19 01:35:04.630 INFO Data directory initialised, datadir: /root/.lighthouse/sepolia, module: beacon_node::config:108
May 19 01:35:04.801 INFO Deposit contract, address: 0x7f02c3e3c98b133055b8b348b2ac625669ed295d, deploy_block: 1273020, module: beacon_node::config:527
May 19 01:35:04.825 WARN Fork boundaries are not well aligned / multiples of 256, misaligned_forks: [(Altair, Epoch(50)), (Bellatrix, Epoch(100))], info: This may cause issues as fork boundaries do not align with the start of sync committee period., module: beacon_node:83
May 19 01:35:04.966 INFO Blob DB initialized, oldest_data_column_slot: None, oldest_blob_slot: Some(Slot(4243456)), path: "/root/.lighthouse/sepolia/beacon/blobs_db", service: freezer_db, module: store::hot_cold_store:360
May 19 01:35:04.966 DEBG Attempting schema migration, to_version: 22, from_version: 22, service: freezer_db, module: store::hot_cold_store:372
May 19 01:35:04.977 CRIT Failed to start beacon node, reason: unable to start execution layer endpoints: InvalidJWTSecret("Failed to read JWT secret file. Error: Error { kind: InvalidData, message: \"stream did not contain valid UTF-8\" }"), module: lighthouse:762
May 19 01:35:04.984 INFO Internal shutdown received, reason: Failed to start beacon node, module: environment:470
May 19 01:35:04.985 INFO Shutting down.., reason: Failure("Failed to start beacon node"), module: lighthouse:784
May 19 01:37:04.602 INFO Logging to file, path: "/root/.lighthouse/sepolia/beacon/logs/beacon.log", module: environment:311
May 19 01:37:04.614 INFO Lighthouse started, version: Lighthouse/v7.0.1-cc6ae9d, module: lighthouse:721
May 19 01:37:04.614 INFO Configured for network, name: sepolia, module: lighthouse:722
May 19 01:37:04.627 INFO Data directory initialised, datadir: /root/.lighthouse/sepolia, module: beacon_node::config:108
May 19 01:37:04.634 INFO Deposit contract, address: 0x7f02c3e3c98b133055b8b348b2ac625669ed295d, deploy_block: 1273020, module: beacon_node::config:527
May 19 01:37:04.659 WARN Fork boundaries are not well aligned / multiples of 256, misaligned_forks: [(Altair, Epoch(50)), (Bellatrix, Epoch(100))], info: This may cause issues as fork boundaries do not align with the start of sync committee period., module: beacon_node:83
May 19 01:37:04.795 INFO Blob DB initialized, oldest_data_column_slot: None, oldest_blob_slot: Some(Slot(4243456)), path: "/root/.lighthouse/sepolia/beacon/blobs_db", service: freezer_db, module: store::hot_cold_store:360
May 19 01:37:04.796 DEBG Attempting schema migration, to_version: 22, from_version: 22, service: freezer_db, module: store::hot_cold_store:372
May 19 01:37:04.806 CRIT Failed to start beacon node, reason: unable to start execution layer endpoints: InvalidJWTSecret("Failed to read JWT secret file. Error: Error { kind: InvalidData, message: \"stream did not contain valid UTF-8\" }"), module: lighthouse:762
May 19 01:37:04.806 INFO Internal shutdown received, reason: Failed to start beacon node, module: environment:470
May 19 01:37:04.807 INFO Shutting down.., reason: Failure("Failed to start beacon node"), module: lighthouse:784
May 19 01:44:18.135 INFO Logging to file, path: "/root/.lighthouse/sepolia/beacon/logs/beacon.log", module: environment:311
May 19 01:44:18.152 INFO Lighthouse started, version: Lighthouse/v7.0.1-cc6ae9d, module: lighthouse:721
May 19 01:44:18.152 INFO Configured for network, name: sepolia, module: lighthouse:722
May 19 01:44:18.165 INFO Data directory initialised, datadir: /root/.lighthouse/sepolia, module: beacon_node::config:108
May 19 01:44:18.172 INFO Deposit contract, address: 0x7f02c3e3c98b133055b8b348b2ac625669ed295d, deploy_block: 1273020, module: beacon_node::config:527
May 19 01:44:18.195 WARN Fork boundaries are not well aligned / multiples of 256, misaligned_forks: [(Altair, Epoch(50)), (Bellatrix, Epoch(100))], info: This may cause issues as fork boundaries do not align with the start of sync committee period., module: beacon_node:83
May 19 01:44:18.352 INFO Blob DB initialized, oldest_data_column_slot: None, oldest_blob_slot: Some(Slot(4243456)), path: "/root/.lighthouse/sepolia/beacon/blobs_db", service: freezer_db, module: store::hot_cold_store:360
May 19 01:44:18.353 DEBG Attempting schema migration, to_version: 22, from_version: 22, service: freezer_db, module: store::hot_cold_store:372
May 19 01:44:18.368 CRIT Failed to start beacon node, reason: unable to start execution layer endpoints: InvalidJWTSecret("Failed to read JWT secret file. Error: Error { kind: InvalidData, message: \"stream did not contain valid UTF-8\" }"), module: lighthouse:762
May 19 01:44:18.370 INFO Internal shutdown received, reason: Failed to start beacon node, module: environment:470
May 19 01:44:18.370 INFO Shutting down.., reason: Failure("Failed to start beacon node"), module: lighthouse:784
May 19 01:50:33.412 INFO Logging to file, path: "/root/.lighthouse/sepolia/beacon/logs/beacon.log", module: environment:311
May 19 01:50:33.426 INFO Lighthouse started, version: Lighthouse/v7.0.1-cc6ae9d, module: lighthouse:721
May 19 01:50:33.427 INFO Configured for network, name: sepolia, module: lighthouse:722
May 19 01:50:33.438 INFO Data directory initialised, datadir: /root/.lighthouse/sepolia, module: beacon_node::config:108
May 19 01:50:33.447 INFO Deposit contract, address: 0x7f02c3e3c98b133055b8b348b2ac625669ed295d, deploy_block: 1273020, module: beacon_node::config:527
May 19 01:50:33.468 WARN Fork boundaries are not well aligned / multiples of 256, misaligned_forks: [(Altair, Epoch(50)), (Bellatrix, Epoch(100))], info: This may cause issues as fork boundaries do not align with the start of sync committee period., module: beacon_node:83
May 19 01:50:33.632 INFO Blob DB initialized, oldest_data_column_slot: None, oldest_blob_slot: Some(Slot(4243456)), path: "/root/.lighthouse/sepolia/beacon/blobs_db", service: freezer_db, module: store::hot_cold_store:360
May 19 01:50:33.632 DEBG Attempting schema migration, to_version: 22, from_version: 22, service: freezer_db, module: store::hot_cold_store:372
May 19 01:50:33.649 CRIT Failed to start beacon node, reason: unable to start execution layer endpoints: InvalidJWTSecret("Invalid hex string: InvalidHexCharacter { c: 'Y', index: 0 }"), module: lighthouse:762
May 19 01:50:33.663 INFO Internal shutdown received, reason: Failed to start beacon node, module: environment:470
May 19 01:50:33.666 INFO Shutting down.., reason: Failure("Failed to start beacon node"), module: lighthouse:784
May 19 01:54:21.488 INFO Logging to file, path: "/root/.lighthouse/sepolia/beacon/logs/beacon.log", module: environment:311
May 19 01:54:21.508 INFO Lighthouse started, version: Lighthouse/v7.0.1-cc6ae9d, module: lighthouse:721
May 19 01:54:21.508 INFO Configured for network, name: sepolia, module: lighthouse:722
May 19 01:54:21.523 INFO Data directory initialised, datadir: /root/.lighthouse/sepolia, module: beacon_node::config:108
May 19 01:54:21.529 INFO Deposit contract, address: 0x7f02c3e3c98b133055b8b348b2ac625669ed295d, deploy_block: 1273020, module: beacon_node::config:527
May 19 01:54:21.550 WARN Fork boundaries are not well aligned / multiples of 256, misaligned_forks: [(Altair, Epoch(50)), (Bellatrix, Epoch(100))], info: This may cause issues as fork boundaries do not align with the start of sync committee period., module: beacon_node:83
May 19 01:54:21.689 INFO Blob DB initialized, oldest_data_column_slot: None, oldest_blob_slot: Some(Slot(4243456)), path: "/root/.lighthouse/sepolia/beacon/blobs_db", service: freezer_db, module: store::hot_cold_store:360
May 19 01:54:21.690 DEBG Attempting schema migration, to_version: 22, from_version: 22, service: freezer_db, module: store::hot_cold_store:372
May 19 01:54:21.697 CRIT Failed to start beacon node, reason: unable to start execution layer endpoints: InvalidJWTSecret("Invalid hex string: InvalidHexCharacter { c: 'Y', index: 0 }"), module: lighthouse:762
May 19 01:54:21.697 INFO Internal shutdown received, reason: Failed to start beacon node, module: environment:470
May 19 01:54:21.697 INFO Shutting down.., reason: Failure("Failed to start beacon node"), module: lighthouse:784
May 19 01:56:30.364 INFO Logging to file, path: "/root/.lighthouse/sepolia/beacon/logs/beacon.log", module: environment:311
May 19 01:56:30.373 INFO Lighthouse started, version: Lighthouse/v7.0.1-cc6ae9d, module: lighthouse:721
May 19 01:56:30.374 INFO Configured for network, name: sepolia, module: lighthouse:722
May 19 01:56:30.383 INFO Data directory initialised, datadir: /root/.lighthouse/sepolia, module: beacon_node::config:108
May 19 01:56:30.387 INFO Deposit contract, address: 0x7f02c3e3c98b133055b8b348b2ac625669ed295d, deploy_block: 1273020, module: beacon_node::config:527
May 19 01:56:30.405 WARN Fork boundaries are not well aligned / multiples of 256, misaligned_forks: [(Altair, Epoch(50)), (Bellatrix, Epoch(100))], info: This may cause issues as fork boundaries do not align with the start of sync committee period., module: beacon_node:83
May 19 01:56:30.723 INFO Blob DB initialized, oldest_data_column_slot: None, oldest_blob_slot: Some(Slot(4243456)), path: "/root/.lighthouse/sepolia/beacon/blobs_db", service: freezer_db, module: store::hot_cold_store:360
May 19 01:56:30.723 DEBG Attempting schema migration, to_version: 22, from_version: 22, service: freezer_db, module: store::hot_cold_store:372
May 19 01:56:30.729 CRIT Failed to start beacon node, reason: unable to start execution layer endpoints: InvalidJWTSecret("Invalid hex string: InvalidHexCharacter { c: 'Y', index: 0 }"), module: lighthouse:762
May 19 02:07:35.215 INFO Logging to file, path: "/root/.lighthouse/sepolia/beacon/logs/beacon.log", module: environment:311
May 19 02:07:35.231 INFO Lighthouse started, version: Lighthouse/v7.0.1-cc6ae9d, module: lighthouse:721
May 19 02:07:35.231 INFO Configured for network, name: sepolia, module: lighthouse:722
May 19 02:07:35.245 INFO Data directory initialised, datadir: /root/.lighthouse/sepolia, module: beacon_node::config:108
May 19 02:07:35.255 INFO Deposit contract, address: 0x7f02c3e3c98b133055b8b348b2ac625669ed295d, deploy_block: 1273020, module: beacon_node::config:527
May 19 02:07:35.281 WARN Fork boundaries are not well aligned / multiples of 256, misaligned_forks: [(Altair, Epoch(50)), (Bellatrix, Epoch(100))], info: This may cause issues as fork boundaries do not align with the start of sync committee period., module: beacon_node:83
May 19 02:07:35.466 INFO Blob DB initialized, oldest_data_column_slot: None, oldest_blob_slot: Some(Slot(4243456)), path: "/root/.lighthouse/sepolia/beacon/blobs_db", service: freezer_db, module: store::hot_cold_store:360
May 19 02:07:35.466 DEBG Attempting schema migration, to_version: 22, from_version: 22, service: freezer_db, module: store::hot_cold_store:372
May 19 02:07:35.478 CRIT Failed to start beacon node, reason: unable to start execution layer endpoints: InvalidJWTSecret("Failed to read JWT secret file. Error: Error { kind: InvalidData, message: \"stream did not contain valid UTF-8\" }"), module: lighthouse:762
May 19 02:07:35.479 INFO Internal shutdown received, reason: Failed to start beacon node, module: environment:470
May 19 02:07:35.480 INFO Shutting down.., reason: Failure("Failed to start beacon node"), module: lighthouse:784
May 19 02:14:30.257 INFO Logging to file, path: "/root/.lighthouse/sepolia/beacon/logs/beacon.log", module: environment:311
May 19 02:14:30.277 INFO Lighthouse started, version: Lighthouse/v7.0.1-cc6ae9d, module: lighthouse:721
May 19 02:14:30.277 INFO Configured for network, name: sepolia, module: lighthouse:722
May 19 02:14:30.291 INFO Data directory initialised, datadir: /root/.lighthouse/sepolia, module: beacon_node::config:108
May 19 02:14:30.301 INFO Deposit contract, address: 0x7f02c3e3c98b133055b8b348b2ac625669ed295d, deploy_block: 1273020, module: beacon_node::config:527
May 19 02:14:30.329 WARN Fork boundaries are not well aligned / multiples of 256, misaligned_forks: [(Altair, Epoch(50)), (Bellatrix, Epoch(100))], info: This may cause issues as fork boundaries do not align with the start of sync committee period., module: beacon_node:83
May 19 02:14:30.523 INFO Blob DB initialized, oldest_data_column_slot: None, oldest_blob_slot: Some(Slot(4243456)), path: "/root/.lighthouse/sepolia/beacon/blobs_db", service: freezer_db, module: store::hot_cold_store:360
May 19 02:14:30.523 DEBG Attempting schema migration, to_version: 22, from_version: 22, service: freezer_db, module: store::hot_cold_store:372
May 19 02:14:30.534 CRIT Failed to start beacon node, reason: unable to start execution layer endpoints: InvalidJWTSecret("Failed to read JWT secret file. Error: Error { kind: InvalidData, message: \"stream did not contain valid UTF-8\" }"), module: lighthouse:762
May 19 02:14:30.538 INFO Internal shutdown received, reason: Failed to start beacon node, module: environment:470
May 19 02:14:30.539 INFO Shutting down.., reason: Failure("Failed to start beacon node"), module: lighthouse:784
May 19 02:22:41.106 INFO Logging to file, path: "/root/.lighthouse/sepolia/beacon/logs/beacon.log", module: environment:311
May 19 02:22:41.120 INFO Lighthouse started, version: Lighthouse/v7.0.1-cc6ae9d, module: lighthouse:721
May 19 02:22:41.120 INFO Configured for network, name: sepolia, module: lighthouse:722
May 19 02:22:41.132 INFO Data directory initialised, datadir: /root/.lighthouse/sepolia, module: beacon_node::config:108
May 19 02:22:41.186 INFO Deposit contract, address: 0x7f02c3e3c98b133055b8b348b2ac625669ed295d, deploy_block: 1273020, module: beacon_node::config:527
May 19 02:22:41.207 WARN Fork boundaries are not well aligned / multiples of 256, misaligned_forks: [(Altair, Epoch(50)), (Bellatrix, Epoch(100))], info: This may cause issues as fork boundaries do not align with the start of sync committee period., module: beacon_node:83
May 19 02:22:41.471 INFO Blob DB initialized, oldest_data_column_slot: None, oldest_blob_slot: Some(Slot(4243456)), path: "/root/.lighthouse/sepolia/beacon/blobs_db", service: freezer_db, module: store::hot_cold_store:360
May 19 02:22:41.471 DEBG Attempting schema migration, to_version: 22, from_version: 22, service: freezer_db, module: store::hot_cold_store:372
May 19 02:22:41.478 CRIT Failed to start beacon node, reason: unable to start execution layer endpoints: InvalidJWTSecret("Failed to read JWT secret file. Error: Error { kind: InvalidData, message: \"stream did not contain valid UTF-8\" }"), module: lighthouse:762
May 19 02:22:41.479 INFO Internal shutdown received, reason: Failed to start beacon node, module: environment:470
May 19 02:22:41.479 INFO Shutting down.., reason: Failure("Failed to start beacon node"), module: lighthouse:784
May 19 02:30:06.958 INFO Logging to file, path: "/root/.lighthouse/sepolia/beacon/logs/beacon.log", module: environment:311
May 19 02:30:06.981 INFO Lighthouse started, version: Lighthouse/v7.0.1-cc6ae9d, module: lighthouse:721
May 19 02:30:06.982 INFO Configured for network, name: sepolia, module: lighthouse:722
May 19 02:30:07.000 INFO Data directory initialised, datadir: /root/.lighthouse/sepolia, module: beacon_node::config:108
May 19 02:30:07.032 INFO Deposit contract, address: 0x7f02c3e3c98b133055b8b348b2ac625669ed295d, deploy_block: 1273020, module: beacon_node::config:527
May 19 02:30:07.079 WARN Fork boundaries are not well aligned / multiples of 256, misaligned_forks: [(Altair, Epoch(50)), (Bellatrix, Epoch(100))], info: This may cause issues as fork boundaries do not align with the start of sync committee period., module: beacon_node:83
May 19 02:30:07.280 INFO Blob DB initialized, oldest_data_column_slot: None, oldest_blob_slot: Some(Slot(4243456)), path: "/root/.lighthouse/sepolia/beacon/blobs_db", service: freezer_db, module: store::hot_cold_store:360
May 19 02:30:07.281 DEBG Attempting schema migration, to_version: 22, from_version: 22, service: freezer_db, module: store::hot_cold_store:372
May 19 02:30:07.294 CRIT Failed to start beacon node, reason: unable to start execution layer endpoints: InvalidJWTSecret("Failed to read JWT secret file. Error: Error { kind: InvalidData, message: \"stream did not contain valid UTF-8\" }"), module: lighthouse:762
May 19 02:30:07.296 INFO Internal shutdown received, reason: Failed to start beacon node, module: environment:470
May 19 02:30:07.296 INFO Shutting down.., reason: Failure("Failed to start beacon node"), module: lighthouse:784
May 19 02:34:45.390 INFO Logging to file, path: "/root/.lighthouse/sepolia/beacon/logs/beacon.log", module: environment:311
May 19 02:34:45.408 INFO Lighthouse started, version: Lighthouse/v7.0.1-cc6ae9d, module: lighthouse:721
May 19 02:34:45.409 INFO Configured for network, name: sepolia, module: lighthouse:722
May 19 02:34:45.428 INFO Data directory initialised, datadir: /root/.lighthouse/sepolia, module: beacon_node::config:108
May 19 02:34:45.440 INFO Deposit contract, address: 0x7f02c3e3c98b133055b8b348b2ac625669ed295d, deploy_block: 1273020, module: beacon_node::config:527
May 19 02:34:45.471 WARN Fork boundaries are not well aligned / multiples of 256, misaligned_forks: [(Altair, Epoch(50)), (Bellatrix, Epoch(100))], info: This may cause issues as fork boundaries do not align with the start of sync committee period., module: beacon_node:83
May 19 02:34:45.654 INFO Blob DB initialized, oldest_data_column_slot: None, oldest_blob_slot: Some(Slot(4243456)), path: "/root/.lighthouse/sepolia/beacon/blobs_db", service: freezer_db, module: store::hot_cold_store:360
May 19 02:34:45.654 DEBG Attempting schema migration, to_version: 22, from_version: 22, service: freezer_db, module: store::hot_cold_store:372
May 19 02:34:45.666 CRIT Failed to start beacon node, reason: unable to start execution layer endpoints: InvalidJWTSecret("Failed to read JWT secret file. Error: Error { kind: InvalidData, message: \"stream did not contain valid UTF-8\" }"), module: lighthouse:762
May 19 02:34:45.672 INFO Internal shutdown received, reason: Failed to start beacon node, module: environment:470
May 19 02:34:45.673 INFO Shutting down.., reason: Failure("Failed to start beacon node"), module: lighthouse:784
May 19 14:37:12.717 INFO Logging to file, path: "/root/.lighthouse/sepolia/beacon/logs/beacon.log", module: environment:311
May 19 14:37:12.736 INFO Lighthouse started, version: Lighthouse/v7.0.1-cc6ae9d, module: lighthouse:721
May 19 14:37:12.736 INFO Configured for network, name: sepolia, module: lighthouse:722
May 19 14:37:12.750 INFO Data directory initialised, datadir: /root/.lighthouse/sepolia, module: beacon_node::config:108
May 19 14:37:12.760 INFO Deposit contract, address: 0x7f02c3e3c98b133055b8b348b2ac625669ed295d, deploy_block: 1273020, module: beacon_node::config:527
May 19 14:37:12.790 WARN Fork boundaries are not well aligned / multiples of 256, misaligned_forks: [(Altair, Epoch(50)), (Bellatrix, Epoch(100))], info: This may cause issues as fork boundaries do not align with the start of sync committee period., module: beacon_node:83
May 19 14:37:13.062 INFO Blob DB initialized, oldest_data_column_slot: None, oldest_blob_slot: Some(Slot(4243456)), path: "/root/.lighthouse/sepolia/beacon/blobs_db", service: freezer_db, module: store::hot_cold_store:360
May 19 14:37:13.062 DEBG Attempting schema migration, to_version: 22, from_version: 22, service: freezer_db, module: store::hot_cold_store:372
May 19 14:37:13.072 CRIT Failed to start beacon node, reason: unable to start execution layer endpoints: InvalidJWTSecret("Failed to read JWT secret file. Error: Error { kind: InvalidData, message: \"stream did not contain valid UTF-8\" }"), module: lighthouse:762
May 19 14:37:13.074 INFO Internal shutdown received, reason: Failed to start beacon node, module: environment:470
May 19 14:37:13.074 INFO Shutting down.., reason: Failure("Failed to start beacon node"), module: lighthouse:784
